ISim log file
Running: C:\Users\Mossi Shahi\Desktop\vhdl-proj\1525893960_569__%255B94243022%255D%255BMostafa%2BShahhosseini%255D%255BHW6%255D\hw6\testbench_isim_beh.exe -intstyle ise -gui -tclbatch isim.cmd -wdb C:/Users/Mossi Shahi/Desktop/vhdl-proj/1525893960_569__%255B94243022%255D%255BMostafa%2BShahhosseini%255D%255BHW6%255D/hw6/testbench_isim_beh.wdb 
ISim P.20131013 (signature 0x7708f090)
This is a Full version of ISim.
Time resolution is 1 ps
# onerror resume
# wave add /
# run 1000 ns
Simulator is doing circuit initialization process.
at 0 ps, Instance /testbench/uut/memory/ : Warning: NUMERIC_STD.TO_INTEGER: metavalue detected, returning 0
at 0 ps, Instance /testbench/uut/alu/ : Warning: There is an 'U'|'X'|'W'|'Z'|'-' in an arithmetic operand, the result will be 'X'(es).
Finished circuit initialization process.
at 0 ps, Instance /testbench/uut/memory/ : Warning: NUMERIC_STD.TO_INTEGER: metavalue detected, returning 0
at 10 ns(1), Instance /testbench/uut/memory/ : Warning: NUMERIC_STD.TO_INTEGER: metavalue detected, returning 0
at 20 ns(1), Instance /testbench/uut/memory/ : Warning: NUMERIC_STD.TO_INTEGER: metavalue detected, returning 0
at 30 ns(1), Instance /testbench/uut/memory/ : Warning: NUMERIC_STD.TO_INTEGER: metavalue detected, returning 0
at 40 ns(1), Instance /testbench/uut/memory/ : Warning: NUMERIC_STD.TO_INTEGER: metavalue detected, returning 0
at 50 ns(1), Instance /testbench/uut/memory/ : Warning: NUMERIC_STD.TO_INTEGER: metavalue detected, returning 0
at 60 ns(1), Instance /testbench/uut/memory/ : Warning: NUMERIC_STD.TO_INTEGER: metavalue detected, returning 0
at 70 ns(1), Instance /testbench/uut/memory/ : Warning: NUMERIC_STD.TO_INTEGER: metavalue detected, returning 0
at 80 ns(1), Instance /testbench/uut/memory/ : Warning: NUMERIC_STD.TO_INTEGER: metavalue detected, returning 0
at 80 ns(2), Instance /testbench/uut/memory/ : Warning: NUMERIC_STD.TO_INTEGER: metavalue detected, returning 0
at 90 ns(1), Instance /testbench/uut/memory/ : Warning: NUMERIC_STD.TO_INTEGER: metavalue detected, returning 0
at 100 ns(1), Instance /testbench/uut/memory/ : Warning: NUMERIC_STD.TO_INTEGER: metavalue detected, returning 0
at 110 ns(1), Instance /testbench/uut/memory/ : Warning: NUMERIC_STD.TO_INTEGER: metavalue detected, returning 0
at 120 ns(1), Instance /testbench/uut/memory/ : Warning: NUMERIC_STD.TO_INTEGER: metavalue detected, returning 0
at 130 ns(1), Instance /testbench/uut/memory/ : Warning: NUMERIC_STD.TO_INTEGER: metavalue detected, returning 0
at 140 ns(1), Instance /testbench/uut/memory/ : Warning: NUMERIC_STD.TO_INTEGER: metavalue detected, returning 0
at 150 ns(1), Instance /testbench/uut/memory/ : Warning: NUMERIC_STD.TO_INTEGER: metavalue detected, returning 0
at 160 ns(1), Instance /testbench/uut/memory/ : Warning: NUMERIC_STD.TO_INTEGER: metavalue detected, returning 0
at 170 ns(1), Instance /testbench/uut/memory/ : Warning: NUMERIC_STD.TO_INTEGER: metavalue detected, returning 0
at 180 ns(1), Instance /testbench/uut/memory/ : Warning: NUMERIC_STD.TO_INTEGER: metavalue detected, returning 0
at 190 ns(1), Instance /testbench/uut/memory/ : Warning: NUMERIC_STD.TO_INTEGER: metavalue detected, returning 0
at 200 ns(1), Instance /testbench/uut/memory/ : Warning: NUMERIC_STD.TO_INTEGER: metavalue detected, returning 0
at 210 ns(1), Instance /testbench/uut/memory/ : Warning: NUMERIC_STD.TO_INTEGER: metavalue detected, returning 0
at 220 ns(1), Instance /testbench/uut/memory/ : Warning: NUMERIC_STD.TO_INTEGER: metavalue detected, returning 0
at 230 ns(1), Instance /testbench/uut/memory/ : Warning: NUMERIC_STD.TO_INTEGER: metavalue detected, returning 0
at 240 ns(1), Instance /testbench/uut/memory/ : Warning: NUMERIC_STD.TO_INTEGER: metavalue detected, returning 0
at 250 ns(1), Instance /testbench/uut/memory/ : Warning: NUMERIC_STD.TO_INTEGER: metavalue detected, returning 0
at 260 ns(1), Instance /testbench/uut/memory/ : Warning: NUMERIC_STD.TO_INTEGER: metavalue detected, returning 0
at 270 ns(1), Instance /testbench/uut/memory/ : Warning: NUMERIC_STD.TO_INTEGER: metavalue detected, returning 0
at 280 ns(1), Instance /testbench/uut/memory/ : Warning: NUMERIC_STD.TO_INTEGER: metavalue detected, returning 0
at 290 ns(1), Instance /testbench/uut/memory/ : Warning: NUMERIC_STD.TO_INTEGER: metavalue detected, returning 0
at 300 ns(1), Instance /testbench/uut/memory/ : Warning: NUMERIC_STD.TO_INTEGER: metavalue detected, returning 0
at 310 ns(1), Instance /testbench/uut/memory/ : Warning: NUMERIC_STD.TO_INTEGER: metavalue detected, returning 0
at 320 ns(1), Instance /testbench/uut/memory/ : Warning: NUMERIC_STD.TO_INTEGER: metavalue detected, returning 0
at 320 ns(2), Instance /testbench/uut/memory/ : Warning: NUMERIC_STD.TO_INTEGER: metavalue detected, returning 0
at 330 ns(1), Instance /testbench/uut/memory/ : Warning: NUMERIC_STD.TO_INTEGER: metavalue detected, returning 0
at 340 ns(1), Instance /testbench/uut/memory/ : Warning: NUMERIC_STD.TO_INTEGER: metavalue detected, returning 0
at 350 ns(1), Instance /testbench/uut/memory/ : Warning: NUMERIC_STD.TO_INTEGER: metavalue detected, returning 0
at 360 ns(1), Instance /testbench/uut/memory/ : Warning: NUMERIC_STD.TO_INTEGER: metavalue detected, returning 0
at 370 ns(1), Instance /testbench/uut/memory/ : Warning: NUMERIC_STD.TO_INTEGER: metavalue detected, returning 0
at 380 ns(1), Instance /testbench/uut/memory/ : Warning: NUMERIC_STD.TO_INTEGER: metavalue detected, returning 0
at 390 ns(1), Instance /testbench/uut/memory/ : Warning: NUMERIC_STD.TO_INTEGER: metavalue detected, returning 0
at 400 ns(1), Instance /testbench/uut/memory/ : Warning: NUMERIC_STD.TO_INTEGER: metavalue detected, returning 0
at 400 ns(2), Instance /testbench/uut/memory/ : Warning: NUMERIC_STD.TO_INTEGER: metavalue detected, returning 0
at 410 ns(1), Instance /testbench/uut/memory/ : Warning: NUMERIC_STD.TO_INTEGER: metavalue detected, returning 0
at 420 ns(1), Instance /testbench/uut/memory/ : Warning: NUMERIC_STD.TO_INTEGER: metavalue detected, returning 0
at 430 ns(1), Instance /testbench/uut/memory/ : Warning: NUMERIC_STD.TO_INTEGER: metavalue detected, returning 0
at 440 ns(1), Instance /testbench/uut/memory/ : Warning: NUMERIC_STD.TO_INTEGER: metavalue detected, returning 0
at 450 ns(1), Instance /testbench/uut/memory/ : Warning: NUMERIC_STD.TO_INTEGER: metavalue detected, returning 0
at 460 ns(1), Instance /testbench/uut/memory/ : Warning: NUMERIC_STD.TO_INTEGER: metavalue detected, returning 0
at 470 ns(1), Instance /testbench/uut/memory/ : Warning: NUMERIC_STD.TO_INTEGER: metavalue detected, returning 0
at 480 ns(1), Instance /testbench/uut/memory/ : Warning: NUMERIC_STD.TO_INTEGER: metavalue detected, returning 0
at 490 ns(1), Instance /testbench/uut/memory/ : Warning: NUMERIC_STD.TO_INTEGER: metavalue detected, returning 0
at 500 ns(1), Instance /testbench/uut/memory/ : Warning: NUMERIC_STD.TO_INTEGER: metavalue detected, returning 0
at 510 ns(1), Instance /testbench/uut/memory/ : Warning: NUMERIC_STD.TO_INTEGER: metavalue detected, returning 0
at 520 ns(1), Instance /testbench/uut/memory/ : Warning: NUMERIC_STD.TO_INTEGER: metavalue detected, returning 0
at 530 ns(1), Instance /testbench/uut/memory/ : Warning: NUMERIC_STD.TO_INTEGER: metavalue detected, returning 0
at 540 ns(1), Instance /testbench/uut/memory/ : Warning: NUMERIC_STD.TO_INTEGER: metavalue detected, returning 0
at 550 ns(1), Instance /testbench/uut/memory/ : Warning: NUMERIC_STD.TO_INTEGER: metavalue detected, returning 0
at 560 ns(1), Instance /testbench/uut/memory/ : Warning: NUMERIC_STD.TO_INTEGER: metavalue detected, returning 0
at 570 ns(1), Instance /testbench/uut/memory/ : Warning: NUMERIC_STD.TO_INTEGER: metavalue detected, returning 0
at 580 ns(1), Instance /testbench/uut/memory/ : Warning: NUMERIC_STD.TO_INTEGER: metavalue detected, returning 0
at 590 ns(1), Instance /testbench/uut/memory/ : Warning: NUMERIC_STD.TO_INTEGER: metavalue detected, returning 0
at 600 ns(1), Instance /testbench/uut/memory/ : Warning: NUMERIC_STD.TO_INTEGER: metavalue detected, returning 0
at 610 ns(1), Instance /testbench/uut/memory/ : Warning: NUMERIC_STD.TO_INTEGER: metavalue detected, returning 0
at 620 ns(1), Instance /testbench/uut/memory/ : Warning: NUMERIC_STD.TO_INTEGER: metavalue detected, returning 0
at 630 ns(1), Instance /testbench/uut/memory/ : Warning: NUMERIC_STD.TO_INTEGER: metavalue detected, returning 0
at 640 ns(1), Instance /testbench/uut/memory/ : Warning: NUMERIC_STD.TO_INTEGER: metavalue detected, returning 0
at 640 ns(2), Instance /testbench/uut/memory/ : Warning: NUMERIC_STD.TO_INTEGER: metavalue detected, returning 0
at 650 ns(1), Instance /testbench/uut/memory/ : Warning: NUMERIC_STD.TO_INTEGER: metavalue detected, returning 0
at 660 ns(1), Instance /testbench/uut/memory/ : Warning: NUMERIC_STD.TO_INTEGER: metavalue detected, returning 0
at 670 ns(1), Instance /testbench/uut/memory/ : Warning: NUMERIC_STD.TO_INTEGER: metavalue detected, returning 0
at 680 ns(1), Instance /testbench/uut/memory/ : Warning: NUMERIC_STD.TO_INTEGER: metavalue detected, returning 0
at 690 ns(1), Instance /testbench/uut/memory/ : Warning: NUMERIC_STD.TO_INTEGER: metavalue detected, returning 0
at 700 ns(1), Instance /testbench/uut/memory/ : Warning: NUMERIC_STD.TO_INTEGER: metavalue detected, returning 0
at 710 ns(1), Instance /testbench/uut/memory/ : Warning: NUMERIC_STD.TO_INTEGER: metavalue detected, returning 0
at 720 ns(1), Instance /testbench/uut/memory/ : Warning: NUMERIC_STD.TO_INTEGER: metavalue detected, returning 0
at 720 ns(2), Instance /testbench/uut/memory/ : Warning: NUMERIC_STD.TO_INTEGER: metavalue detected, returning 0
at 730 ns(1), Instance /testbench/uut/memory/ : Warning: NUMERIC_STD.TO_INTEGER: metavalue detected, returning 0
at 740 ns(1), Instance /testbench/uut/memory/ : Warning: NUMERIC_STD.TO_INTEGER: metavalue detected, returning 0
at 750 ns(1), Instance /testbench/uut/memory/ : Warning: NUMERIC_STD.TO_INTEGER: metavalue detected, returning 0
at 760 ns(1), Instance /testbench/uut/memory/ : Warning: NUMERIC_STD.TO_INTEGER: metavalue detected, returning 0
at 770 ns(1), Instance /testbench/uut/memory/ : Warning: NUMERIC_STD.TO_INTEGER: metavalue detected, returning 0
at 780 ns(1), Instance /testbench/uut/memory/ : Warning: NUMERIC_STD.TO_INTEGER: metavalue detected, returning 0
at 790 ns(1), Instance /testbench/uut/memory/ : Warning: NUMERIC_STD.TO_INTEGER: metavalue detected, returning 0
at 800 ns(1), Instance /testbench/uut/memory/ : Warning: NUMERIC_STD.TO_INTEGER: metavalue detected, returning 0
at 810 ns(1), Instance /testbench/uut/memory/ : Warning: NUMERIC_STD.TO_INTEGER: metavalue detected, returning 0
at 820 ns(1), Instance /testbench/uut/memory/ : Warning: NUMERIC_STD.TO_INTEGER: metavalue detected, returning 0
at 830 ns(1), Instance /testbench/uut/memory/ : Warning: NUMERIC_STD.TO_INTEGER: metavalue detected, returning 0
at 840 ns(1), Instance /testbench/uut/memory/ : Warning: NUMERIC_STD.TO_INTEGER: metavalue detected, returning 0
at 850 ns(1), Instance /testbench/uut/memory/ : Warning: NUMERIC_STD.TO_INTEGER: metavalue detected, returning 0
at 860 ns(1), Instance /testbench/uut/memory/ : Warning: NUMERIC_STD.TO_INTEGER: metavalue detected, returning 0
at 870 ns(1), Instance /testbench/uut/memory/ : Warning: NUMERIC_STD.TO_INTEGER: metavalue detected, returning 0
at 880 ns(1), Instance /testbench/uut/memory/ : Warning: NUMERIC_STD.TO_INTEGER: metavalue detected, returning 0
at 890 ns(1), Instance /testbench/uut/memory/ : Warning: NUMERIC_STD.TO_INTEGER: metavalue detected, returning 0
at 900 ns(1), Instance /testbench/uut/memory/ : Warning: NUMERIC_STD.TO_INTEGER: metavalue detected, returning 0
at 910 ns(1), Instance /testbench/uut/memory/ : Warning: NUMERIC_STD.TO_INTEGER: metavalue detected, returning 0
at 920 ns(1), Instance /testbench/uut/memory/ : Warning: NUMERIC_STD.TO_INTEGER: metavalue detected, returning 0
at 930 ns(1), Instance /testbench/uut/memory/ : Warning: NUMERIC_STD.TO_INTEGER: metavalue detected, returning 0
at 940 ns(1), Instance /testbench/uut/memory/ : Warning: NUMERIC_STD.TO_INTEGER: metavalue detected, returning 0
at 950 ns(1), Instance /testbench/uut/memory/ : Warning: NUMERIC_STD.TO_INTEGER: metavalue detected, returning 0
at 960 ns(1), Instance /testbench/uut/memory/ : Warning: NUMERIC_STD.TO_INTEGER: metavalue detected, returning 0
at 960 ns(2), Instance /testbench/uut/memory/ : Warning: NUMERIC_STD.TO_INTEGER: metavalue detected, returning 0
at 970 ns(1), Instance /testbench/uut/memory/ : Warning: NUMERIC_STD.TO_INTEGER: metavalue detected, returning 0
at 980 ns(1), Instance /testbench/uut/memory/ : Warning: NUMERIC_STD.TO_INTEGER: metavalue detected, returning 0
at 990 ns(1), Instance /testbench/uut/memory/ : Warning: NUMERIC_STD.TO_INTEGER: metavalue detected, returning 0
at 1 us(1), Instance /testbench/uut/memory/ : Warning: NUMERIC_STD.TO_INTEGER: metavalue detected, returning 0
ISim P.20131013 (signature 0x7708f090)
This is a Full version of ISim.
# run 1000 ns
Simulator is doing circuit initialization process.
at 0 ps, Instance /testbench/uut/memory/ : Warning: NUMERIC_STD.TO_INTEGER: metavalue detected, returning 0
at 0 ps, Instance /testbench/uut/alu/ : Warning: There is an 'U'|'X'|'W'|'Z'|'-' in an arithmetic operand, the result will be 'X'(es).
Finished circuit initialization process.
at 0 ps, Instance /testbench/uut/memory/ : Warning: NUMERIC_STD.TO_INTEGER: metavalue detected, returning 0
at 10 ns(1), Instance /testbench/uut/memory/ : Warning: NUMERIC_STD.TO_INTEGER: metavalue detected, returning 0
at 20 ns(1), Instance /testbench/uut/memory/ : Warning: NUMERIC_STD.TO_INTEGER: metavalue detected, returning 0
at 30 ns(1), Instance /testbench/uut/memory/ : Warning: NUMERIC_STD.TO_INTEGER: metavalue detected, returning 0
at 40 ns(1), Instance /testbench/uut/memory/ : Warning: NUMERIC_STD.TO_INTEGER: metavalue detected, returning 0
at 50 ns(1), Instance /testbench/uut/memory/ : Warning: NUMERIC_STD.TO_INTEGER: metavalue detected, returning 0
at 60 ns(1), Instance /testbench/uut/memory/ : Warning: NUMERIC_STD.TO_INTEGER: metavalue detected, returning 0
at 70 ns(1), Instance /testbench/uut/memory/ : Warning: NUMERIC_STD.TO_INTEGER: metavalue detected, returning 0
at 80 ns(1), Instance /testbench/uut/memory/ : Warning: NUMERIC_STD.TO_INTEGER: metavalue detected, returning 0
at 80 ns(2), Instance /testbench/uut/memory/ : Warning: NUMERIC_STD.TO_INTEGER: metavalue detected, returning 0
at 90 ns(1), Instance /testbench/uut/memory/ : Warning: NUMERIC_STD.TO_INTEGER: metavalue detected, returning 0
at 100 ns(1), Instance /testbench/uut/memory/ : Warning: NUMERIC_STD.TO_INTEGER: metavalue detected, returning 0
at 110 ns(1), Instance /testbench/uut/memory/ : Warning: NUMERIC_STD.TO_INTEGER: metavalue detected, returning 0
at 120 ns(1), Instance /testbench/uut/memory/ : Warning: NUMERIC_STD.TO_INTEGER: metavalue detected, returning 0
at 130 ns(1), Instance /testbench/uut/memory/ : Warning: NUMERIC_STD.TO_INTEGER: metavalue detected, returning 0
at 140 ns(1), Instance /testbench/uut/memory/ : Warning: NUMERIC_STD.TO_INTEGER: metavalue detected, returning 0
at 150 ns(1), Instance /testbench/uut/memory/ : Warning: NUMERIC_STD.TO_INTEGER: metavalue detected, returning 0
at 160 ns(1), Instance /testbench/uut/memory/ : Warning: NUMERIC_STD.TO_INTEGER: metavalue detected, returning 0
at 170 ns(1), Instance /testbench/uut/memory/ : Warning: NUMERIC_STD.TO_INTEGER: metavalue detected, returning 0
at 180 ns(1), Instance /testbench/uut/memory/ : Warning: NUMERIC_STD.TO_INTEGER: metavalue detected, returning 0
at 190 ns(1), Instance /testbench/uut/memory/ : Warning: NUMERIC_STD.TO_INTEGER: metavalue detected, returning 0
at 200 ns(1), Instance /testbench/uut/memory/ : Warning: NUMERIC_STD.TO_INTEGER: metavalue detected, returning 0
at 210 ns(1), Instance /testbench/uut/memory/ : Warning: NUMERIC_STD.TO_INTEGER: metavalue detected, returning 0
at 220 ns(1), Instance /testbench/uut/memory/ : Warning: NUMERIC_STD.TO_INTEGER: metavalue detected, returning 0
at 230 ns(1), Instance /testbench/uut/memory/ : Warning: NUMERIC_STD.TO_INTEGER: metavalue detected, returning 0
at 240 ns(1), Instance /testbench/uut/memory/ : Warning: NUMERIC_STD.TO_INTEGER: metavalue detected, returning 0
at 250 ns(1), Instance /testbench/uut/memory/ : Warning: NUMERIC_STD.TO_INTEGER: metavalue detected, returning 0
at 260 ns(1), Instance /testbench/uut/memory/ : Warning: NUMERIC_STD.TO_INTEGER: metavalue detected, returning 0
at 270 ns(1), Instance /testbench/uut/memory/ : Warning: NUMERIC_STD.TO_INTEGER: metavalue detected, returning 0
at 280 ns(1), Instance /testbench/uut/memory/ : Warning: NUMERIC_STD.TO_INTEGER: metavalue detected, returning 0
at 290 ns(1), Instance /testbench/uut/memory/ : Warning: NUMERIC_STD.TO_INTEGER: metavalue detected, returning 0
at 300 ns(1), Instance /testbench/uut/memory/ : Warning: NUMERIC_STD.TO_INTEGER: metavalue detected, returning 0
at 310 ns(1), Instance /testbench/uut/memory/ : Warning: NUMERIC_STD.TO_INTEGER: metavalue detected, returning 0
at 320 ns(1), Instance /testbench/uut/memory/ : Warning: NUMERIC_STD.TO_INTEGER: metavalue detected, returning 0
at 320 ns(2), Instance /testbench/uut/memory/ : Warning: NUMERIC_STD.TO_INTEGER: metavalue detected, returning 0
at 330 ns(1), Instance /testbench/uut/memory/ : Warning: NUMERIC_STD.TO_INTEGER: metavalue detected, returning 0
at 340 ns(1), Instance /testbench/uut/memory/ : Warning: NUMERIC_STD.TO_INTEGER: metavalue detected, returning 0
at 350 ns(1), Instance /testbench/uut/memory/ : Warning: NUMERIC_STD.TO_INTEGER: metavalue detected, returning 0
at 360 ns(1), Instance /testbench/uut/memory/ : Warning: NUMERIC_STD.TO_INTEGER: metavalue detected, returning 0
at 370 ns(1), Instance /testbench/uut/memory/ : Warning: NUMERIC_STD.TO_INTEGER: metavalue detected, returning 0
at 380 ns(1), Instance /testbench/uut/memory/ : Warning: NUMERIC_STD.TO_INTEGER: metavalue detected, returning 0
at 390 ns(1), Instance /testbench/uut/memory/ : Warning: NUMERIC_STD.TO_INTEGER: metavalue detected, returning 0
at 400 ns(1), Instance /testbench/uut/memory/ : Warning: NUMERIC_STD.TO_INTEGER: metavalue detected, returning 0
at 400 ns(2), Instance /testbench/uut/memory/ : Warning: NUMERIC_STD.TO_INTEGER: metavalue detected, returning 0
at 410 ns(1), Instance /testbench/uut/memory/ : Warning: NUMERIC_STD.TO_INTEGER: metavalue detected, returning 0
at 420 ns(1), Instance /testbench/uut/memory/ : Warning: NUMERIC_STD.TO_INTEGER: metavalue detected, returning 0
at 430 ns(1), Instance /testbench/uut/memory/ : Warning: NUMERIC_STD.TO_INTEGER: metavalue detected, returning 0
at 440 ns(1), Instance /testbench/uut/memory/ : Warning: NUMERIC_STD.TO_INTEGER: metavalue detected, returning 0
at 450 ns(1), Instance /testbench/uut/memory/ : Warning: NUMERIC_STD.TO_INTEGER: metavalue detected, returning 0
at 460 ns(1), Instance /testbench/uut/memory/ : Warning: NUMERIC_STD.TO_INTEGER: metavalue detected, returning 0
at 470 ns(1), Instance /testbench/uut/memory/ : Warning: NUMERIC_STD.TO_INTEGER: metavalue detected, returning 0
at 480 ns(1), Instance /testbench/uut/memory/ : Warning: NUMERIC_STD.TO_INTEGER: metavalue detected, returning 0
at 490 ns(1), Instance /testbench/uut/memory/ : Warning: NUMERIC_STD.TO_INTEGER: metavalue detected, returning 0
at 500 ns(1), Instance /testbench/uut/memory/ : Warning: NUMERIC_STD.TO_INTEGER: metavalue detected, returning 0
at 510 ns(1), Instance /testbench/uut/memory/ : Warning: NUMERIC_STD.TO_INTEGER: metavalue detected, returning 0
at 520 ns(1), Instance /testbench/uut/memory/ : Warning: NUMERIC_STD.TO_INTEGER: metavalue detected, returning 0
at 530 ns(1), Instance /testbench/uut/memory/ : Warning: NUMERIC_STD.TO_INTEGER: metavalue detected, returning 0
at 540 ns(1), Instance /testbench/uut/memory/ : Warning: NUMERIC_STD.TO_INTEGER: metavalue detected, returning 0
at 550 ns(1), Instance /testbench/uut/memory/ : Warning: NUMERIC_STD.TO_INTEGER: metavalue detected, returning 0
at 560 ns(1), Instance /testbench/uut/memory/ : Warning: NUMERIC_STD.TO_INTEGER: metavalue detected, returning 0
at 570 ns(1), Instance /testbench/uut/memory/ : Warning: NUMERIC_STD.TO_INTEGER: metavalue detected, returning 0
at 580 ns(1), Instance /testbench/uut/memory/ : Warning: NUMERIC_STD.TO_INTEGER: metavalue detected, returning 0
at 590 ns(1), Instance /testbench/uut/memory/ : Warning: NUMERIC_STD.TO_INTEGER: metavalue detected, returning 0
at 600 ns(1), Instance /testbench/uut/memory/ : Warning: NUMERIC_STD.TO_INTEGER: metavalue detected, returning 0
at 610 ns(1), Instance /testbench/uut/memory/ : Warning: NUMERIC_STD.TO_INTEGER: metavalue detected, returning 0
at 620 ns(1), Instance /testbench/uut/memory/ : Warning: NUMERIC_STD.TO_INTEGER: metavalue detected, returning 0
at 630 ns(1), Instance /testbench/uut/memory/ : Warning: NUMERIC_STD.TO_INTEGER: metavalue detected, returning 0
at 640 ns(1), Instance /testbench/uut/memory/ : Warning: NUMERIC_STD.TO_INTEGER: metavalue detected, returning 0
at 640 ns(2), Instance /testbench/uut/memory/ : Warning: NUMERIC_STD.TO_INTEGER: metavalue detected, returning 0
at 650 ns(1), Instance /testbench/uut/memory/ : Warning: NUMERIC_STD.TO_INTEGER: metavalue detected, returning 0
at 660 ns(1), Instance /testbench/uut/memory/ : Warning: NUMERIC_STD.TO_INTEGER: metavalue detected, returning 0
at 670 ns(1), Instance /testbench/uut/memory/ : Warning: NUMERIC_STD.TO_INTEGER: metavalue detected, returning 0
at 680 ns(1), Instance /testbench/uut/memory/ : Warning: NUMERIC_STD.TO_INTEGER: metavalue detected, returning 0
at 690 ns(1), Instance /testbench/uut/memory/ : Warning: NUMERIC_STD.TO_INTEGER: metavalue detected, returning 0
at 700 ns(1), Instance /testbench/uut/memory/ : Warning: NUMERIC_STD.TO_INTEGER: metavalue detected, returning 0
at 710 ns(1), Instance /testbench/uut/memory/ : Warning: NUMERIC_STD.TO_INTEGER: metavalue detected, returning 0
at 720 ns(1), Instance /testbench/uut/memory/ : Warning: NUMERIC_STD.TO_INTEGER: metavalue detected, returning 0
at 720 ns(2), Instance /testbench/uut/memory/ : Warning: NUMERIC_STD.TO_INTEGER: metavalue detected, returning 0
at 730 ns(1), Instance /testbench/uut/memory/ : Warning: NUMERIC_STD.TO_INTEGER: metavalue detected, returning 0
at 740 ns(1), Instance /testbench/uut/memory/ : Warning: NUMERIC_STD.TO_INTEGER: metavalue detected, returning 0
at 750 ns(1), Instance /testbench/uut/memory/ : Warning: NUMERIC_STD.TO_INTEGER: metavalue detected, returning 0
at 760 ns(1), Instance /testbench/uut/memory/ : Warning: NUMERIC_STD.TO_INTEGER: metavalue detected, returning 0
at 770 ns(1), Instance /testbench/uut/memory/ : Warning: NUMERIC_STD.TO_INTEGER: metavalue detected, returning 0
at 780 ns(1), Instance /testbench/uut/memory/ : Warning: NUMERIC_STD.TO_INTEGER: metavalue detected, returning 0
at 790 ns(1), Instance /testbench/uut/memory/ : Warning: NUMERIC_STD.TO_INTEGER: metavalue detected, returning 0
at 800 ns(1), Instance /testbench/uut/memory/ : Warning: NUMERIC_STD.TO_INTEGER: metavalue detected, returning 0
at 810 ns(1), Instance /testbench/uut/memory/ : Warning: NUMERIC_STD.TO_INTEGER: metavalue detected, returning 0
at 820 ns(1), Instance /testbench/uut/memory/ : Warning: NUMERIC_STD.TO_INTEGER: metavalue detected, returning 0
at 830 ns(1), Instance /testbench/uut/memory/ : Warning: NUMERIC_STD.TO_INTEGER: metavalue detected, returning 0
at 840 ns(1), Instance /testbench/uut/memory/ : Warning: NUMERIC_STD.TO_INTEGER: metavalue detected, returning 0
at 850 ns(1), Instance /testbench/uut/memory/ : Warning: NUMERIC_STD.TO_INTEGER: metavalue detected, returning 0
at 860 ns(1), Instance /testbench/uut/memory/ : Warning: NUMERIC_STD.TO_INTEGER: metavalue detected, returning 0
at 870 ns(1), Instance /testbench/uut/memory/ : Warning: NUMERIC_STD.TO_INTEGER: metavalue detected, returning 0
at 880 ns(1), Instance /testbench/uut/memory/ : Warning: NUMERIC_STD.TO_INTEGER: metavalue detected, returning 0
at 890 ns(1), Instance /testbench/uut/memory/ : Warning: NUMERIC_STD.TO_INTEGER: metavalue detected, returning 0
at 900 ns(1), Instance /testbench/uut/memory/ : Warning: NUMERIC_STD.TO_INTEGER: metavalue detected, returning 0
at 910 ns(1), Instance /testbench/uut/memory/ : Warning: NUMERIC_STD.TO_INTEGER: metavalue detected, returning 0
at 920 ns(1), Instance /testbench/uut/memory/ : Warning: NUMERIC_STD.TO_INTEGER: metavalue detected, returning 0
at 930 ns(1), Instance /testbench/uut/memory/ : Warning: NUMERIC_STD.TO_INTEGER: metavalue detected, returning 0
at 940 ns(1), Instance /testbench/uut/memory/ : Warning: NUMERIC_STD.TO_INTEGER: metavalue detected, returning 0
at 950 ns(1), Instance /testbench/uut/memory/ : Warning: NUMERIC_STD.TO_INTEGER: metavalue detected, returning 0
at 960 ns(1), Instance /testbench/uut/memory/ : Warning: NUMERIC_STD.TO_INTEGER: metavalue detected, returning 0
at 960 ns(2), Instance /testbench/uut/memory/ : Warning: NUMERIC_STD.TO_INTEGER: metavalue detected, returning 0
at 970 ns(1), Instance /testbench/uut/memory/ : Warning: NUMERIC_STD.TO_INTEGER: metavalue detected, returning 0
at 980 ns(1), Instance /testbench/uut/memory/ : Warning: NUMERIC_STD.TO_INTEGER: metavalue detected, returning 0
at 990 ns(1), Instance /testbench/uut/memory/ : Warning: NUMERIC_STD.TO_INTEGER: metavalue detected, returning 0
at 1 us(1), Instance /testbench/uut/memory/ : Warning: NUMERIC_STD.TO_INTEGER: metavalue detected, returning 0
