Release 14.7 - xst P.20131013 (nt64)
Copyright (c) 1995-2013 Xilinx, Inc.  All rights reserved.
--> Parameter TMPDIR set to xst/projnav.tmp


Total REAL time to Xst completion: 1.00 secs
Total CPU time to Xst completion: 0.27 secs
 
--> Parameter xsthdpdir set to xst


Total REAL time to Xst completion: 1.00 secs
Total CPU time to Xst completion: 0.27 secs
 
--> Reading design: top_module.prj

TABLE OF CONTENTS
  1) Synthesis Options Summary
  2) HDL Parsing
  3) HDL Elaboration
  4) HDL Synthesis
       4.1) HDL Synthesis Report
  5) Advanced HDL Synthesis
       5.1) Advanced HDL Synthesis Report
  6) Low Level Synthesis
  7) Partition Report
  8) Design Summary
       8.1) Primitive and Black Box Usage
       8.2) Device utilization summary
       8.3) Partition Resource Summary
       8.4) Timing Report
            8.4.1) Clock Information
            8.4.2) Asynchronous Control Signals Information
            8.4.3) Timing Summary
            8.4.4) Timing Details
            8.4.5) Cross Clock Domains Report


=========================================================================
*                      Synthesis Options Summary                        *
=========================================================================
---- Source Parameters
Input File Name                    : "top_module.prj"
Ignore Synthesis Constraint File   : NO

---- Target Parameters
Output File Name                   : "top_module"
Output Format                      : NGC
Target Device                      : xc6slx9-3-csg324

---- Source Options
Top Module Name                    : top_module
Automatic FSM Extraction           : YES
FSM Encoding Algorithm             : Auto
Safe Implementation                : No
FSM Style                          : LUT
RAM Extraction                     : Yes
RAM Style                          : Auto
ROM Extraction                     : Yes
Shift Register Extraction          : YES
ROM Style                          : Auto
Resource Sharing                   : YES
Asynchronous To Synchronous        : NO
Shift Register Minimum Size        : 2
Use DSP Block                      : Auto
Automatic Register Balancing       : No

---- Target Options
LUT Combining                      : Auto
Reduce Control Sets                : Auto
Add IO Buffers                     : YES
Global Maximum Fanout              : 100000
Add Generic Clock Buffer(BUFG)     : 16
Register Duplication               : YES
Optimize Instantiated Primitives   : NO
Use Clock Enable                   : Auto
Use Synchronous Set                : Auto
Use Synchronous Reset              : Auto
Pack IO Registers into IOBs        : Auto
Equivalent register Removal        : YES

---- General Options
Optimization Goal                  : Speed
Optimization Effort                : 1
Power Reduction                    : NO
Keep Hierarchy                     : No
Netlist Hierarchy                  : As_Optimized
RTL Output                         : Yes
Global Optimization                : AllClockNets
Read Cores                         : YES
Write Timing Constraints           : NO
Cross Clock Analysis               : NO
Hierarchy Separator                : /
Bus Delimiter                      : <>
Case Specifier                     : Maintain
Slice Utilization Ratio            : 100
BRAM Utilization Ratio             : 100
DSP48 Utilization Ratio            : 100
Auto BRAM Packing                  : NO
Slice Utilization Ratio Delta      : 5

=========================================================================


=========================================================================
*                          HDL Parsing                                  *
=========================================================================
Parsing VHDL file "C:\Users\Mossi Shahi\Desktop\vhdl-proj\1525893960_569__%255B94243022%255D%255BMostafa%2BShahhosseini%255D%255BHW6%255D\hw6\reg16b.vhd" into library work
Parsing entity <reg16b>.
Parsing architecture <Behavioral> of entity <reg16b>.
Parsing VHDL file "C:\Users\Mossi Shahi\Desktop\vhdl-proj\1525893960_569__%255B94243022%255D%255BMostafa%2BShahhosseini%255D%255BHW6%255D\hw6\mem4k.vhd" into library work
Parsing entity <mem4k>.
Parsing architecture <Behavioral> of entity <mem4k>.
Parsing VHDL file "C:\Users\Mossi Shahi\Desktop\vhdl-proj\1525893960_569__%255B94243022%255D%255BMostafa%2BShahhosseini%255D%255BHW6%255D\hw6\controller_unit.vhd" into library work
Parsing entity <controller_unit>.
Parsing architecture <Behavioral> of entity <controller_unit>.
Parsing VHDL file "C:\Users\Mossi Shahi\Desktop\vhdl-proj\1525893960_569__%255B94243022%255D%255BMostafa%2BShahhosseini%255D%255BHW6%255D\hw6\alu16b.vhd" into library work
Parsing entity <alu16b>.
Parsing architecture <structural> of entity <alu16b>.
Parsing VHDL file "C:\Users\Mossi Shahi\Desktop\vhdl-proj\1525893960_569__%255B94243022%255D%255BMostafa%2BShahhosseini%255D%255BHW6%255D\hw6\top_module.vhd" into library work
Parsing entity <top_module>.
Parsing architecture <structural> of entity <top_module>.

=========================================================================
*                            HDL Elaboration                            *
=========================================================================

Elaborating entity <top_module> (architecture <structural>) from library <work>.

Elaborating entity <reg16b> (architecture <Behavioral>) with generics from library <work>.
WARNING:HDLCompiler:92 - "C:\Users\Mossi Shahi\Desktop\vhdl-proj\1525893960_569__%255B94243022%255D%255BMostafa%2BShahhosseini%255D%255BHW6%255D\hw6\reg16b.vhd" Line 50: d should be on the sensitivity list of the process

Elaborating entity <reg16b> (architecture <Behavioral>) with generics from library <work>.

Elaborating entity <controller_unit> (architecture <Behavioral>) from library <work>.
WARNING:HDLCompiler:92 - "C:\Users\Mossi Shahi\Desktop\vhdl-proj\1525893960_569__%255B94243022%255D%255BMostafa%2BShahhosseini%255D%255BHW6%255D\hw6\controller_unit.vhd" Line 70: state_counter should be on the sensitivity list of the process
WARNING:HDLCompiler:92 - "C:\Users\Mossi Shahi\Desktop\vhdl-proj\1525893960_569__%255B94243022%255D%255BMostafa%2BShahhosseini%255D%255BHW6%255D\hw6\controller_unit.vhd" Line 80: state_counter should be on the sensitivity list of the process
WARNING:HDLCompiler:92 - "C:\Users\Mossi Shahi\Desktop\vhdl-proj\1525893960_569__%255B94243022%255D%255BMostafa%2BShahhosseini%255D%255BHW6%255D\hw6\controller_unit.vhd" Line 91: state_counter should be on the sensitivity list of the process
WARNING:HDLCompiler:92 - "C:\Users\Mossi Shahi\Desktop\vhdl-proj\1525893960_569__%255B94243022%255D%255BMostafa%2BShahhosseini%255D%255BHW6%255D\hw6\controller_unit.vhd" Line 104: state_counter should be on the sensitivity list of the process
WARNING:HDLCompiler:92 - "C:\Users\Mossi Shahi\Desktop\vhdl-proj\1525893960_569__%255B94243022%255D%255BMostafa%2BShahhosseini%255D%255BHW6%255D\hw6\controller_unit.vhd" Line 107: opcode should be on the sensitivity list of the process
WARNING:HDLCompiler:92 - "C:\Users\Mossi Shahi\Desktop\vhdl-proj\1525893960_569__%255B94243022%255D%255BMostafa%2BShahhosseini%255D%255BHW6%255D\hw6\controller_unit.vhd" Line 117: state_counter should be on the sensitivity list of the process
WARNING:HDLCompiler:92 - "C:\Users\Mossi Shahi\Desktop\vhdl-proj\1525893960_569__%255B94243022%255D%255BMostafa%2BShahhosseini%255D%255BHW6%255D\hw6\controller_unit.vhd" Line 119: opcode should be on the sensitivity list of the process
WARNING:HDLCompiler:92 - "C:\Users\Mossi Shahi\Desktop\vhdl-proj\1525893960_569__%255B94243022%255D%255BMostafa%2BShahhosseini%255D%255BHW6%255D\hw6\controller_unit.vhd" Line 129: state_counter should be on the sensitivity list of the process
WARNING:HDLCompiler:92 - "C:\Users\Mossi Shahi\Desktop\vhdl-proj\1525893960_569__%255B94243022%255D%255BMostafa%2BShahhosseini%255D%255BHW6%255D\hw6\controller_unit.vhd" Line 131: opcode should be on the sensitivity list of the process
WARNING:HDLCompiler:92 - "C:\Users\Mossi Shahi\Desktop\vhdl-proj\1525893960_569__%255B94243022%255D%255BMostafa%2BShahhosseini%255D%255BHW6%255D\hw6\controller_unit.vhd" Line 141: state_counter should be on the sensitivity list of the process
WARNING:HDLCompiler:92 - "C:\Users\Mossi Shahi\Desktop\vhdl-proj\1525893960_569__%255B94243022%255D%255BMostafa%2BShahhosseini%255D%255BHW6%255D\hw6\controller_unit.vhd" Line 143: opcode should be on the sensitivity list of the process
WARNING:HDLCompiler:92 - "C:\Users\Mossi Shahi\Desktop\vhdl-proj\1525893960_569__%255B94243022%255D%255BMostafa%2BShahhosseini%255D%255BHW6%255D\hw6\controller_unit.vhd" Line 155: opcode should be on the sensitivity list of the process
WARNING:HDLCompiler:92 - "C:\Users\Mossi Shahi\Desktop\vhdl-proj\1525893960_569__%255B94243022%255D%255BMostafa%2BShahhosseini%255D%255BHW6%255D\hw6\controller_unit.vhd" Line 166: opcode should be on the sensitivity list of the process
WARNING:HDLCompiler:92 - "C:\Users\Mossi Shahi\Desktop\vhdl-proj\1525893960_569__%255B94243022%255D%255BMostafa%2BShahhosseini%255D%255BHW6%255D\hw6\controller_unit.vhd" Line 177: opcode should be on the sensitivity list of the process
WARNING:HDLCompiler:92 - "C:\Users\Mossi Shahi\Desktop\vhdl-proj\1525893960_569__%255B94243022%255D%255BMostafa%2BShahhosseini%255D%255BHW6%255D\hw6\controller_unit.vhd" Line 188: opcode should be on the sensitivity list of the process
WARNING:HDLCompiler:92 - "C:\Users\Mossi Shahi\Desktop\vhdl-proj\1525893960_569__%255B94243022%255D%255BMostafa%2BShahhosseini%255D%255BHW6%255D\hw6\controller_unit.vhd" Line 203: opcode should be on the sensitivity list of the process
WARNING:HDLCompiler:92 - "C:\Users\Mossi Shahi\Desktop\vhdl-proj\1525893960_569__%255B94243022%255D%255BMostafa%2BShahhosseini%255D%255BHW6%255D\hw6\controller_unit.vhd" Line 215: opcode should be on the sensitivity list of the process
WARNING:HDLCompiler:92 - "C:\Users\Mossi Shahi\Desktop\vhdl-proj\1525893960_569__%255B94243022%255D%255BMostafa%2BShahhosseini%255D%255BHW6%255D\hw6\controller_unit.vhd" Line 227: opcode should be on the sensitivity list of the process
WARNING:HDLCompiler:92 - "C:\Users\Mossi Shahi\Desktop\vhdl-proj\1525893960_569__%255B94243022%255D%255BMostafa%2BShahhosseini%255D%255BHW6%255D\hw6\controller_unit.vhd" Line 239: opcode should be on the sensitivity list of the process
WARNING:HDLCompiler:92 - "C:\Users\Mossi Shahi\Desktop\vhdl-proj\1525893960_569__%255B94243022%255D%255BMostafa%2BShahhosseini%255D%255BHW6%255D\hw6\controller_unit.vhd" Line 251: opcode should be on the sensitivity list of the process
WARNING:HDLCompiler:1127 - "C:\Users\Mossi Shahi\Desktop\vhdl-proj\1525893960_569__%255B94243022%255D%255BMostafa%2BShahhosseini%255D%255BHW6%255D\hw6\controller_unit.vhd" Line 62: Assignment to addr ignored, since the identifier is never used

Elaborating entity <mem4k> (architecture <Behavioral>) from library <work>.

Elaborating entity <alu16b> (architecture <structural>) with generics from library <work>.
WARNING:HDLCompiler:1127 - "C:\Users\Mossi Shahi\Desktop\vhdl-proj\1525893960_569__%255B94243022%255D%255BMostafa%2BShahhosseini%255D%255BHW6%255D\hw6\alu16b.vhd" Line 51: Assignment to sub ignored, since the identifier is never used
WARNING:HDLCompiler:92 - "C:\Users\Mossi Shahi\Desktop\vhdl-proj\1525893960_569__%255B94243022%255D%255BMostafa%2BShahhosseini%255D%255BHW6%255D\hw6\top_module.vhd" Line 154: bus_select should be on the sensitivity list of the process
WARNING:HDLCompiler:92 - "C:\Users\Mossi Shahi\Desktop\vhdl-proj\1525893960_569__%255B94243022%255D%255BMostafa%2BShahhosseini%255D%255BHW6%255D\hw6\top_module.vhd" Line 155: outr_out should be on the sensitivity list of the process
WARNING:HDLCompiler:92 - "C:\Users\Mossi Shahi\Desktop\vhdl-proj\1525893960_569__%255B94243022%255D%255BMostafa%2BShahhosseini%255D%255BHW6%255D\hw6\top_module.vhd" Line 156: bus_select should be on the sensitivity list of the process
WARNING:HDLCompiler:92 - "C:\Users\Mossi Shahi\Desktop\vhdl-proj\1525893960_569__%255B94243022%255D%255BMostafa%2BShahhosseini%255D%255BHW6%255D\hw6\top_module.vhd" Line 157: tr_out should be on the sensitivity list of the process
WARNING:HDLCompiler:92 - "C:\Users\Mossi Shahi\Desktop\vhdl-proj\1525893960_569__%255B94243022%255D%255BMostafa%2BShahhosseini%255D%255BHW6%255D\hw6\top_module.vhd" Line 158: bus_select should be on the sensitivity list of the process
WARNING:HDLCompiler:92 - "C:\Users\Mossi Shahi\Desktop\vhdl-proj\1525893960_569__%255B94243022%255D%255BMostafa%2BShahhosseini%255D%255BHW6%255D\hw6\top_module.vhd" Line 159: ir_out should be on the sensitivity list of the process
WARNING:HDLCompiler:92 - "C:\Users\Mossi Shahi\Desktop\vhdl-proj\1525893960_569__%255B94243022%255D%255BMostafa%2BShahhosseini%255D%255BHW6%255D\hw6\top_module.vhd" Line 160: bus_select should be on the sensitivity list of the process
WARNING:HDLCompiler:92 - "C:\Users\Mossi Shahi\Desktop\vhdl-proj\1525893960_569__%255B94243022%255D%255BMostafa%2BShahhosseini%255D%255BHW6%255D\hw6\top_module.vhd" Line 161: inpr_out should be on the sensitivity list of the process
WARNING:HDLCompiler:92 - "C:\Users\Mossi Shahi\Desktop\vhdl-proj\1525893960_569__%255B94243022%255D%255BMostafa%2BShahhosseini%255D%255BHW6%255D\hw6\top_module.vhd" Line 162: bus_select should be on the sensitivity list of the process
WARNING:HDLCompiler:92 - "C:\Users\Mossi Shahi\Desktop\vhdl-proj\1525893960_569__%255B94243022%255D%255BMostafa%2BShahhosseini%255D%255BHW6%255D\hw6\top_module.vhd" Line 163: ac_out should be on the sensitivity list of the process
WARNING:HDLCompiler:92 - "C:\Users\Mossi Shahi\Desktop\vhdl-proj\1525893960_569__%255B94243022%255D%255BMostafa%2BShahhosseini%255D%255BHW6%255D\hw6\top_module.vhd" Line 164: bus_select should be on the sensitivity list of the process
WARNING:HDLCompiler:92 - "C:\Users\Mossi Shahi\Desktop\vhdl-proj\1525893960_569__%255B94243022%255D%255BMostafa%2BShahhosseini%255D%255BHW6%255D\hw6\top_module.vhd" Line 165: dr_out should be on the sensitivity list of the process
WARNING:HDLCompiler:92 - "C:\Users\Mossi Shahi\Desktop\vhdl-proj\1525893960_569__%255B94243022%255D%255BMostafa%2BShahhosseini%255D%255BHW6%255D\hw6\top_module.vhd" Line 166: bus_select should be on the sensitivity list of the process
WARNING:HDLCompiler:92 - "C:\Users\Mossi Shahi\Desktop\vhdl-proj\1525893960_569__%255B94243022%255D%255BMostafa%2BShahhosseini%255D%255BHW6%255D\hw6\top_module.vhd" Line 167: mem_out should be on the sensitivity list of the process
WARNING:HDLCompiler:92 - "C:\Users\Mossi Shahi\Desktop\vhdl-proj\1525893960_569__%255B94243022%255D%255BMostafa%2BShahhosseini%255D%255BHW6%255D\hw6\top_module.vhd" Line 173: bus_select should be on the sensitivity list of the process
WARNING:HDLCompiler:92 - "C:\Users\Mossi Shahi\Desktop\vhdl-proj\1525893960_569__%255B94243022%255D%255BMostafa%2BShahhosseini%255D%255BHW6%255D\hw6\top_module.vhd" Line 174: pc_out should be on the sensitivity list of the process
WARNING:HDLCompiler:92 - "C:\Users\Mossi Shahi\Desktop\vhdl-proj\1525893960_569__%255B94243022%255D%255BMostafa%2BShahhosseini%255D%255BHW6%255D\hw6\top_module.vhd" Line 175: bus_select should be on the sensitivity list of the process
WARNING:HDLCompiler:92 - "C:\Users\Mossi Shahi\Desktop\vhdl-proj\1525893960_569__%255B94243022%255D%255BMostafa%2BShahhosseini%255D%255BHW6%255D\hw6\top_module.vhd" Line 176: ar_out should be on the sensitivity list of the process
WARNING:HDLCompiler:634 - "C:\Users\Mossi Shahi\Desktop\vhdl-proj\1525893960_569__%255B94243022%255D%255BMostafa%2BShahhosseini%255D%255BHW6%255D\hw6\top_module.vhd" Line 88: Net <mem_addr[11]> does not have a driver.
WARNING:Xst:2972 - "C:\Users\Mossi Shahi\Desktop\vhdl-proj\1525893960_569__%255B94243022%255D%255BMostafa%2BShahhosseini%255D%255BHW6%255D\hw6\top_module.vhd" line 124. All outputs of instance <PC> of block <reg16b> are unconnected in block <top_module>. Underlying logic will be removed.
WARNING:Xst:2972 - "C:\Users\Mossi Shahi\Desktop\vhdl-proj\1525893960_569__%255B94243022%255D%255BMostafa%2BShahhosseini%255D%255BHW6%255D\hw6\top_module.vhd" line 125. All outputs of instance <AR> of block <reg16b> are unconnected in block <top_module>. Underlying logic will be removed.
WARNING:Xst:2972 - "C:\Users\Mossi Shahi\Desktop\vhdl-proj\1525893960_569__%255B94243022%255D%255BMostafa%2BShahhosseini%255D%255BHW6%255D\hw6\top_module.vhd" line 126. All outputs of instance <OUTR> of block <reg16b> are unconnected in block <top_module>. Underlying logic will be removed.
WARNING:Xst:2972 - "C:\Users\Mossi Shahi\Desktop\vhdl-proj\1525893960_569__%255B94243022%255D%255BMostafa%2BShahhosseini%255D%255BHW6%255D\hw6\top_module.vhd" line 127. All outputs of instance <TR> of block <reg16b> are unconnected in block <top_module>. Underlying logic will be removed.
WARNING:Xst:2972 - "C:\Users\Mossi Shahi\Desktop\vhdl-proj\1525893960_569__%255B94243022%255D%255BMostafa%2BShahhosseini%255D%255BHW6%255D\hw6\top_module.vhd" line 128. All outputs of instance <IR> of block <reg16b> are unconnected in block <top_module>. Underlying logic will be removed.
WARNING:Xst:2972 - "C:\Users\Mossi Shahi\Desktop\vhdl-proj\1525893960_569__%255B94243022%255D%255BMostafa%2BShahhosseini%255D%255BHW6%255D\hw6\top_module.vhd" line 129. All outputs of instance <INPR> of block <reg16b> are unconnected in block <top_module>. Underlying logic will be removed.
WARNING:Xst:2972 - "C:\Users\Mossi Shahi\Desktop\vhdl-proj\1525893960_569__%255B94243022%255D%255BMostafa%2BShahhosseini%255D%255BHW6%255D\hw6\top_module.vhd" line 130. All outputs of instance <AC> of block <reg16b> are unconnected in block <top_module>. Underlying logic will be removed.
WARNING:Xst:2972 - "C:\Users\Mossi Shahi\Desktop\vhdl-proj\1525893960_569__%255B94243022%255D%255BMostafa%2BShahhosseini%255D%255BHW6%255D\hw6\top_module.vhd" line 131. All outputs of instance <DR> of block <reg16b> are unconnected in block <top_module>. Underlying logic will be removed.
WARNING:Xst:2972 - "C:\Users\Mossi Shahi\Desktop\vhdl-proj\1525893960_569__%255B94243022%255D%255BMostafa%2BShahhosseini%255D%255BHW6%255D\hw6\top_module.vhd" line 133. All outputs of instance <controller> of block <controller_unit> are unconnected in block <top_module>. Underlying logic will be removed.
WARNING:Xst:2972 - "C:\Users\Mossi Shahi\Desktop\vhdl-proj\1525893960_569__%255B94243022%255D%255BMostafa%2BShahhosseini%255D%255BHW6%255D\hw6\top_module.vhd" line 139. All outputs of instance <memory> of block <mem4k> are unconnected in block <top_module>. Underlying logic will be removed.
WARNING:Xst:2972 - "C:\Users\Mossi Shahi\Desktop\vhdl-proj\1525893960_569__%255B94243022%255D%255BMostafa%2BShahhosseini%255D%255BHW6%255D\hw6\top_module.vhd" line 140. All outputs of instance <alu> of block <alu16b> are unconnected in block <top_module>. Underlying logic will be removed.

=========================================================================
*                           HDL Synthesis                               *
=========================================================================

Synthesizing Unit <top_module>.
    Related source file is "C:\Users\Mossi Shahi\Desktop\vhdl-proj\1525893960_569__%255B94243022%255D%255BMostafa%2BShahhosseini%255D%255BHW6%255D\hw6\top_module.vhd".
INFO:Xst:3210 - "C:\Users\Mossi Shahi\Desktop\vhdl-proj\1525893960_569__%255B94243022%255D%255BMostafa%2BShahhosseini%255D%255BHW6%255D\hw6\top_module.vhd" line 133: Output port <alu_r> of the instance <controller> is unconnected or connected to loadless signal.
INFO:Xst:3210 - "C:\Users\Mossi Shahi\Desktop\vhdl-proj\1525893960_569__%255B94243022%255D%255BMostafa%2BShahhosseini%255D%255BHW6%255D\hw6\top_module.vhd" line 133: Output port <alu_w> of the instance <controller> is unconnected or connected to loadless signal.
INFO:Xst:3210 - "C:\Users\Mossi Shahi\Desktop\vhdl-proj\1525893960_569__%255B94243022%255D%255BMostafa%2BShahhosseini%255D%255BHW6%255D\hw6\top_module.vhd" line 133: Output port <memory_reset> of the instance <controller> is unconnected or connected to loadless signal.
INFO:Xst:3210 - "C:\Users\Mossi Shahi\Desktop\vhdl-proj\1525893960_569__%255B94243022%255D%255BMostafa%2BShahhosseini%255D%255BHW6%255D\hw6\top_module.vhd" line 140: Output port <carry> of the instance <alu> is unconnected or connected to loadless signal.
WARNING:Xst:653 - Signal <mem_addr> is used but never assigned. This sourceless signal will be automatically connected to value GND.
    Summary:
	no macro.
Unit <top_module> synthesized.

=========================================================================
HDL Synthesis Report

Found no macro
=========================================================================

=========================================================================
*                       Advanced HDL Synthesis                          *
=========================================================================


=========================================================================
Advanced HDL Synthesis Report

Found no macro
=========================================================================

=========================================================================
*                         Low Level Synthesis                           *
=========================================================================

Optimizing unit <top_module> ...

Mapping all equations...
Building and optimizing final netlist ...
Found area constraint ratio of 100 (+ 5) on block top_module, actual ratio is 0.

Final Macro Processing ...

=========================================================================
Final Register Report

Found no macro
=========================================================================

=========================================================================
*                           Partition Report                            *
=========================================================================

Partition Implementation Status
-------------------------------

  No Partitions were found in this design.

-------------------------------

=========================================================================
*                            Design Summary                             *
=========================================================================

Top Level Output File Name         : top_module.ngc

Primitive and Black Box Usage:
------------------------------

Device utilization summary:
---------------------------

Selected Device : 6slx9csg324-3 


Slice Logic Utilization: 

Slice Logic Distribution: 
 Number of LUT Flip Flop pairs used:      0
   Number with an unused Flip Flop:       0  out of      0         
   Number with an unused LUT:             0  out of      0         
   Number of fully used LUT-FF pairs:     0  out of      0         
   Number of unique control sets:         0

IO Utilization: 
 Number of IOs:                          33
 Number of bonded IOBs:                   0  out of    200     0%  

Specific Feature Utilization:

---------------------------
Partition Resource Summary:
---------------------------

  No Partitions were found in this design.

---------------------------


=========================================================================
Timing Report

NOTE: THESE TIMING NUMBERS ARE ONLY A SYNTHESIS ESTIMATE.
      FOR ACCURATE TIMING INFORMATION PLEASE REFER TO THE TRACE REPORT
      GENERATED AFTER PLACE-and-ROUTE.

Clock Information:
------------------
No clock signals found in this design

Asynchronous Control Signals Information:
----------------------------------------
No asynchronous control signals found in this design

Timing Summary:
---------------
Speed Grade: -3

   Minimum period: No path found
   Minimum input arrival time before clock: No path found
   Maximum output required time after clock: No path found
   Maximum combinational path delay: No path found

Timing Details:
---------------
All values displayed in nanoseconds (ns)

=========================================================================

Cross Clock Domains Report:
--------------------------

=========================================================================


Total REAL time to Xst completion: 8.00 secs
Total CPU time to Xst completion: 7.41 secs
 
--> 

Total memory usage is 329072 kilobytes

Number of errors   :    0 (   0 filtered)
Number of warnings :   54 (   0 filtered)
Number of infos    :    4 (   0 filtered)

